TN:
SF:/Users/dancali/dev/cassi/src/lock.js
FN:8,create
FN:9,(anonymous_1)
FN:10,(anonymous_2)
FN:16,hash
FN:20,open
FN:50,(anonymous_5)
FN:66,close
FN:82,(anonymous_7)
FNF:8
FNH:8
FNDA:11,create
FNDA:11,(anonymous_1)
FNDA:9,(anonymous_2)
FNDA:11,hash
FNDA:7,open
FNDA:2,(anonymous_5)
FNDA:10,close
FNDA:8,(anonymous_7)
DA:1,1
DA:2,1
DA:3,1
DA:4,1
DA:6,1
DA:9,11
DA:10,11
DA:11,9
DA:17,11
DA:21,7
DA:22,7
DA:24,7
DA:25,1
DA:28,6
DA:29,1
DA:32,5
DA:33,5
DA:34,5
DA:36,5
DA:37,1
DA:40,4
DA:41,4
DA:42,4
DA:44,4
DA:45,4
DA:46,2
DA:48,2
DA:50,2
DA:51,2
DA:52,0
DA:55,2
DA:56,2
DA:58,2
DA:62,2
DA:67,10
DA:68,10
DA:70,10
DA:71,1
DA:74,9
DA:75,1
DA:78,8
DA:79,8
DA:81,8
DA:82,8
DA:83,8
DA:84,1
DA:87,7
DA:88,7
DA:89,7
DA:90,7
DA:92,7
DA:93,7
DA:94,7
DA:95,7
DA:96,7
DA:98,7
DA:103,1
LF:57
LH:56
BRDA:24,0,0,1
BRDA:24,0,1,6
BRDA:28,1,0,1
BRDA:28,1,1,5
BRDA:36,2,0,1
BRDA:36,2,1,4
BRDA:51,3,0,0
BRDA:51,3,1,2
BRDA:70,4,0,1
BRDA:70,4,1,9
BRDA:74,5,0,1
BRDA:74,5,1,8
BRDA:83,6,0,1
BRDA:83,6,1,7
BRF:14
BRH:13
end_of_record
TN:
SF:/Users/dancali/dev/cassi/src/vault.js
FN:12,root
FN:16,dir
FN:20,exists
FN:25,key
FN:29,create
FN:40,(anonymous_5)
FN:41,(anonymous_6)
FN:49,lock
FN:53,unlock
FNF:9
FNH:8
FNDA:0,root
FNDA:52,dir
FNDA:14,exists
FNDA:1,key
FNDA:11,create
FNDA:10,(anonymous_5)
FNDA:8,(anonymous_6)
FNDA:10,lock
FNDA:7,unlock
DA:1,1
DA:2,1
DA:3,1
DA:4,1
DA:5,1
DA:6,1
DA:7,1
DA:8,1
DA:10,1
DA:13,0
DA:17,52
DA:21,14
DA:22,14
DA:26,1
DA:30,11
DA:31,1
DA:34,10
DA:36,10
DA:37,10
DA:38,10
DA:40,10
DA:41,10
DA:42,8
DA:44,8
DA:50,10
DA:54,7
DA:57,1
LF:27
LH:26
BRDA:30,0,0,1
BRDA:30,0,1,10
BRF:2
BRH:2
end_of_record
